<?xml version="1.0" encoding="UTF-8"?>
<!-- Generated by org.testng.reporters.JUnitReportReporter -->
<testsuite skipped="0" hostname="DESKTOP-A64JQFL" name="com.healthdata.tests.InvalidSearch" tests="1" failures="0" timestamp="29 Jul 2018 17:09:01 GMT" time="5.327" errors="0">
  <testcase name="InvalidSearchTermInSearchBox" time="5.327" classname="com.healthdata.tests.InvalidSearch"/>
</testsuite> <!-- com.healthdata.tests.InvalidSearch -->
